  Primitives.cpp
  main.cpp
  ofApp.cpp
  Info: Boost.Config is older than your compiler version - probably nothing bad will happen - but you may wish to look for an update Boost version.  Define BOOST_CONFIG_SUPPRESS_OUTDATED_MESSAGE to suppress this message.
  Info: Boost.Config is older than your compiler version - probably nothing bad will happen - but you may wish to look for an update Boost version.  Define BOOST_CONFIG_SUPPRESS_OUTDATED_MESSAGE to suppress this message.
  Info: Boost.Config is older than your compiler version - probably nothing bad will happen - but you may wish to look for an update Boost version.  Define BOOST_CONFIG_SUPPRESS_OUTDATED_MESSAGE to suppress this message.
C:\Users\rtsen\Desktop\of_v0.11.2_vs2017_release\libs\openFrameworks\utils\ofUtils.h(1,1): warning C4819: The file contains a character that cannot be represented in the current code page (932). Save the file in Unicode format to prevent data loss (compiling source file src\Primitives.cpp)
C:\Users\rtsen\Desktop\of_v0.11.2_vs2017_release\libs\openFrameworks\utils\ofUtils.h(1,1): warning C4819: The file contains a character that cannot be represented in the current code page (932). Save the file in Unicode format to prevent data loss (compiling source file src\main.cpp)
C:\Users\rtsen\Desktop\of_v0.11.2_vs2017_release\libs\openFrameworks\utils\ofUtils.h(1,1): warning C4819: The file contains a character that cannot be represented in the current code page (932). Save the file in Unicode format to prevent data loss (compiling source file src\ofApp.cpp)
C:\Users\rtsen\Desktop\of_v0.11.2_vs2017_release\libs\openFrameworks\math\ofVec3f.h(1,1): warning C4819: The file contains a character that cannot be represented in the current code page (932). Save the file in Unicode format to prevent data loss (compiling source file src\Primitives.cpp)
C:\Users\rtsen\Desktop\of_v0.11.2_vs2017_release\libs\openFrameworks\math\ofVec2f.h(1,1): warning C4819: The file contains a character that cannot be represented in the current code page (932). Save the file in Unicode format to prevent data loss (compiling source file src\Primitives.cpp)
C:\Users\rtsen\Desktop\of_v0.11.2_vs2017_release\libs\openFrameworks\math\ofVec3f.h(1,1): warning C4819: The file contains a character that cannot be represented in the current code page (932). Save the file in Unicode format to prevent data loss (compiling source file src\main.cpp)
C:\Users\rtsen\Desktop\of_v0.11.2_vs2017_release\libs\openFrameworks\math\ofVec2f.h(1,1): warning C4819: The file contains a character that cannot be represented in the current code page (932). Save the file in Unicode format to prevent data loss (compiling source file src\main.cpp)
C:\Users\rtsen\Desktop\of_v0.11.2_vs2017_release\libs\openFrameworks\math\ofVec3f.h(1,1): warning C4819: The file contains a character that cannot be represented in the current code page (932). Save the file in Unicode format to prevent data loss (compiling source file src\ofApp.cpp)
C:\Users\rtsen\Desktop\of_v0.11.2_vs2017_release\libs\openFrameworks\math\ofVec2f.h(1,1): warning C4819: The file contains a character that cannot be represented in the current code page (932). Save the file in Unicode format to prevent data loss (compiling source file src\ofApp.cpp)
C:\Users\rtsen\Desktop\of_v0.11.2_vs2017_release\libs\openFrameworks\math\ofMatrix4x4.h(326,1): warning C4267: 'argument': conversion from 'size_t' to 'int', possible loss of data (compiling source file src\main.cpp)
C:\Users\rtsen\Desktop\of_v0.11.2_vs2017_release\libs\openFrameworks\math\ofMatrix4x4.h(331,1): warning C4267: 'argument': conversion from 'size_t' to 'int', possible loss of data (compiling source file src\main.cpp)
C:\Users\rtsen\Desktop\of_v0.11.2_vs2017_release\libs\openFrameworks\math\ofMatrix4x4.h(912,12): warning C4267: 'argument': conversion from 'size_t' to 'int', possible loss of data (compiling source file src\main.cpp)
C:\Users\rtsen\Desktop\of_v0.11.2_vs2017_release\libs\openFrameworks\math\ofMatrix4x4.h(913,12): warning C4267: 'argument': conversion from 'size_t' to 'int', possible loss of data (compiling source file src\main.cpp)
C:\Users\rtsen\Desktop\of_v0.11.2_vs2017_release\libs\openFrameworks\math\ofMatrix4x4.h(914,12): warning C4267: 'argument': conversion from 'size_t' to 'int', possible loss of data (compiling source file src\main.cpp)
C:\Users\rtsen\Desktop\of_v0.11.2_vs2017_release\libs\openFrameworks\math\ofMatrix4x4.h(915,12): warning C4267: 'argument': conversion from 'size_t' to 'int', possible loss of data (compiling source file src\main.cpp)
C:\Users\rtsen\Desktop\of_v0.11.2_vs2017_release\libs\openFrameworks\math\ofMatrix4x4.h(326,1): warning C4267: 'argument': conversion from 'size_t' to 'int', possible loss of data (compiling source file src\Primitives.cpp)
C:\Users\rtsen\Desktop\of_v0.11.2_vs2017_release\libs\openFrameworks\math\ofMatrix4x4.h(331,1): warning C4267: 'argument': conversion from 'size_t' to 'int', possible loss of data (compiling source file src\Primitives.cpp)
C:\Users\rtsen\Desktop\of_v0.11.2_vs2017_release\libs\openFrameworks\math\ofMatrix4x4.h(912,12): warning C4267: 'argument': conversion from 'size_t' to 'int', possible loss of data (compiling source file src\Primitives.cpp)
C:\Users\rtsen\Desktop\of_v0.11.2_vs2017_release\libs\openFrameworks\math\ofMatrix4x4.h(913,12): warning C4267: 'argument': conversion from 'size_t' to 'int', possible loss of data (compiling source file src\Primitives.cpp)
C:\Users\rtsen\Desktop\of_v0.11.2_vs2017_release\libs\openFrameworks\math\ofMatrix4x4.h(914,12): warning C4267: 'argument': conversion from 'size_t' to 'int', possible loss of data (compiling source file src\Primitives.cpp)
C:\Users\rtsen\Desktop\of_v0.11.2_vs2017_release\libs\openFrameworks\math\ofMatrix4x4.h(915,12): warning C4267: 'argument': conversion from 'size_t' to 'int', possible loss of data (compiling source file src\Primitives.cpp)
C:\Users\rtsen\Desktop\of_v0.11.2_vs2017_release\libs\openFrameworks\math\ofMatrix4x4.h(326,1): warning C4267: 'argument': conversion from 'size_t' to 'int', possible loss of data (compiling source file src\ofApp.cpp)
C:\Users\rtsen\Desktop\of_v0.11.2_vs2017_release\libs\openFrameworks\math\ofMatrix4x4.h(331,1): warning C4267: 'argument': conversion from 'size_t' to 'int', possible loss of data (compiling source file src\ofApp.cpp)
C:\Users\rtsen\Desktop\of_v0.11.2_vs2017_release\libs\openFrameworks\math\ofMatrix4x4.h(912,12): warning C4267: 'argument': conversion from 'size_t' to 'int', possible loss of data (compiling source file src\ofApp.cpp)
C:\Users\rtsen\Desktop\of_v0.11.2_vs2017_release\libs\openFrameworks\math\ofMatrix4x4.h(913,12): warning C4267: 'argument': conversion from 'size_t' to 'int', possible loss of data (compiling source file src\ofApp.cpp)
C:\Users\rtsen\Desktop\of_v0.11.2_vs2017_release\libs\openFrameworks\math\ofMatrix4x4.h(914,12): warning C4267: 'argument': conversion from 'size_t' to 'int', possible loss of data (compiling source file src\ofApp.cpp)
C:\Users\rtsen\Desktop\of_v0.11.2_vs2017_release\libs\openFrameworks\math\ofMatrix4x4.h(915,12): warning C4267: 'argument': conversion from 'size_t' to 'int', possible loss of data (compiling source file src\ofApp.cpp)
C:\Users\rtsen\Desktop\of_v0.11.2_vs2017_release\apps\myApps\Skele\src\ofApp.cpp(70,2): warning C4267: 'initializing': conversion from 'size_t' to 'int', possible loss of data
C:\Users\rtsen\Desktop\of_v0.11.2_vs2017_release\apps\myApps\Skele\src\ofApp.cpp(147,2): warning C4267: 'initializing': conversion from 'size_t' to 'int', possible loss of data
C:\Users\rtsen\Desktop\of_v0.11.2_vs2017_release\apps\myApps\Skele\src\ofApp.cpp(639,36): warning C4267: 'initializing': conversion from 'size_t' to 'unsigned int', possible loss of data
C:\Users\rtsen\Desktop\of_v0.11.2_vs2017_release\apps\myApps\Skele\src\ofApp.cpp(640,44): warning C4267: 'initializing': conversion from 'size_t' to 'unsigned int', possible loss of data
C:\Users\rtsen\Desktop\of_v0.11.2_vs2017_release\apps\myApps\Skele\src\ofApp.cpp(643,36): warning C4267: '=': conversion from 'size_t' to 'unsigned int', possible loss of data
C:\Users\rtsen\Desktop\of_v0.11.2_vs2017_release\apps\myApps\Skele\src\ofApp.cpp(644,34): warning C4267: '=': conversion from 'size_t' to 'unsigned int', possible loss of data
C:\Users\rtsen\Desktop\of_v0.11.2_vs2017_release\apps\myApps\Skele\src\ofApp.cpp(647,35): warning C4267: '=': conversion from 'size_t' to 'unsigned int', possible loss of data
C:\Users\rtsen\Desktop\of_v0.11.2_vs2017_release\apps\myApps\Skele\src\ofApp.cpp(648,34): warning C4267: '=': conversion from 'size_t' to 'unsigned int', possible loss of data
C:\Users\rtsen\Desktop\of_v0.11.2_vs2017_release\apps\myApps\Skele\src\ofApp.cpp(656,35): warning C4267: 'initializing': conversion from 'size_t' to 'unsigned int', possible loss of data
C:\Users\rtsen\Desktop\of_v0.11.2_vs2017_release\apps\myApps\Skele\src\ofApp.cpp(657,43): warning C4267: 'initializing': conversion from 'size_t' to 'unsigned int', possible loss of data
C:\Users\rtsen\Desktop\of_v0.11.2_vs2017_release\apps\myApps\Skele\src\ofApp.cpp(660,35): warning C4267: '=': conversion from 'size_t' to 'unsigned int', possible loss of data
C:\Users\rtsen\Desktop\of_v0.11.2_vs2017_release\apps\myApps\Skele\src\ofApp.cpp(661,33): warning C4267: '=': conversion from 'size_t' to 'unsigned int', possible loss of data
C:\Users\rtsen\Desktop\of_v0.11.2_vs2017_release\apps\myApps\Skele\src\ofApp.cpp(664,34): warning C4267: '=': conversion from 'size_t' to 'unsigned int', possible loss of data
C:\Users\rtsen\Desktop\of_v0.11.2_vs2017_release\apps\myApps\Skele\src\ofApp.cpp(665,33): warning C4267: '=': conversion from 'size_t' to 'unsigned int', possible loss of data
C:\Users\rtsen\Desktop\of_v0.11.2_vs2017_release\apps\myApps\Skele\src\ofApp.cpp(721,40): warning C4267: 'initializing': conversion from 'size_t' to 'unsigned int', possible loss of data
C:\Users\rtsen\Desktop\of_v0.11.2_vs2017_release\apps\myApps\Skele\src\ofApp.cpp(722,40): warning C4267: 'initializing': conversion from 'size_t' to 'unsigned int', possible loss of data
C:\Users\rtsen\Desktop\of_v0.11.2_vs2017_release\apps\myApps\Skele\src\ofApp.cpp(726,32): warning C4267: '=': conversion from 'size_t' to 'unsigned int', possible loss of data
C:\Users\rtsen\Desktop\of_v0.11.2_vs2017_release\apps\myApps\Skele\src\ofApp.cpp(727,34): warning C4267: '=': conversion from 'size_t' to 'unsigned int', possible loss of data
C:\Users\rtsen\Desktop\of_v0.11.2_vs2017_release\apps\myApps\Skele\src\ofApp.cpp(734,36): warning C4267: '=': conversion from 'size_t' to 'unsigned int', possible loss of data
C:\Users\rtsen\Desktop\of_v0.11.2_vs2017_release\apps\myApps\Skele\src\ofApp.cpp(735,32): warning C4267: '=': conversion from 'size_t' to 'unsigned int', possible loss of data
C:\Users\rtsen\Desktop\of_v0.11.2_vs2017_release\apps\myApps\Skele\src\ofApp.cpp(740,33): warning C4267: '=': conversion from 'size_t' to 'unsigned int', possible loss of data
C:\Users\rtsen\Desktop\of_v0.11.2_vs2017_release\apps\myApps\Skele\src\ofApp.cpp(741,25): warning C4267: '=': conversion from 'size_t' to 'unsigned int', possible loss of data
C:\Users\rtsen\Desktop\of_v0.11.2_vs2017_release\apps\myApps\Skele\src\ofApp.cpp(749,36): warning C4267: '=': conversion from 'size_t' to 'unsigned int', possible loss of data
C:\Users\rtsen\Desktop\of_v0.11.2_vs2017_release\apps\myApps\Skele\src\ofApp.cpp(750,25): warning C4267: '=': conversion from 'size_t' to 'unsigned int', possible loss of data
     Creating library bin\Skele_debug.lib and object bin\Skele_debug.exp
  Skele.vcxproj -> C:\Users\rtsen\Desktop\of_v0.11.2_vs2017_release\apps\myApps\Skele\bin\Skele_debug.exe
  
  	                   2	C:\Users\rtsen\Desktop\of_v0.11.2_vs2017_release\libs\fmod\lib\vs\x64\
  	  *EXTRA File 		 6942208	C:\Users\rtsen\Desktop\of_v0.11.2_vs2017_release\apps\myApps\Skele\bin\FreeImage.dll
  
  	                   1	C:\Users\rtsen\Desktop\of_v0.11.2_vs2017_release\libs\FreeImage\lib\vs\x64\
  	  *EXTRA File 		 1826304	C:\Users\rtsen\Desktop\of_v0.11.2_vs2017_release\apps\myApps\Skele\bin\fmod.dll
  	  *EXTRA File 		 2041856	C:\Users\rtsen\Desktop\of_v0.11.2_vs2017_release\apps\myApps\Skele\bin\fmodL.dll
