  box.cc
  main.cpp
  ofApp.cpp
  Primitives.cpp
C:\Users\rtsen\Desktop\of_v0.11.2_vs2017_release\apps\myApps\Skele\src\vector3.h(20,20): warning C4244: 'return': conversion from 'double' to 'float', possible loss of data (compiling source file src\box.cc)
  Info: Boost.Config is older than your compiler version - probably nothing bad will happen - but you may wish to look for an update Boost version.  Define BOOST_CONFIG_SUPPRESS_OUTDATED_MESSAGE to suppress this message.
  Info: Boost.Config is older than your compiler version - probably nothing bad will happen - but you may wish to look for an update Boost version.  Define BOOST_CONFIG_SUPPRESS_OUTDATED_MESSAGE to suppress this message.
  Info: Boost.Config is older than your compiler version - probably nothing bad will happen - but you may wish to look for an update Boost version.  Define BOOST_CONFIG_SUPPRESS_OUTDATED_MESSAGE to suppress this message.
C:\Users\rtsen\Desktop\of_v0.11.2_vs2017_release\libs\openFrameworks\utils\ofUtils.h(1,1): warning C4819: The file contains a character that cannot be represented in the current code page (932). Save the file in Unicode format to prevent data loss (compiling source file src\ofApp.cpp)
C:\Users\rtsen\Desktop\of_v0.11.2_vs2017_release\libs\openFrameworks\utils\ofUtils.h(1,1): warning C4819: The file contains a character that cannot be represented in the current code page (932). Save the file in Unicode format to prevent data loss (compiling source file src\Primitives.cpp)
C:\Users\rtsen\Desktop\of_v0.11.2_vs2017_release\libs\openFrameworks\utils\ofUtils.h(1,1): warning C4819: The file contains a character that cannot be represented in the current code page (932). Save the file in Unicode format to prevent data loss (compiling source file src\main.cpp)
C:\Users\rtsen\Desktop\of_v0.11.2_vs2017_release\libs\openFrameworks\math\ofVec3f.h(1,1): warning C4819: The file contains a character that cannot be represented in the current code page (932). Save the file in Unicode format to prevent data loss (compiling source file src\ofApp.cpp)
C:\Users\rtsen\Desktop\of_v0.11.2_vs2017_release\libs\openFrameworks\math\ofVec2f.h(1,1): warning C4819: The file contains a character that cannot be represented in the current code page (932). Save the file in Unicode format to prevent data loss (compiling source file src\ofApp.cpp)
C:\Users\rtsen\Desktop\of_v0.11.2_vs2017_release\libs\openFrameworks\math\ofVec3f.h(1,1): warning C4819: The file contains a character that cannot be represented in the current code page (932). Save the file in Unicode format to prevent data loss (compiling source file src\Primitives.cpp)
C:\Users\rtsen\Desktop\of_v0.11.2_vs2017_release\libs\openFrameworks\math\ofVec2f.h(1,1): warning C4819: The file contains a character that cannot be represented in the current code page (932). Save the file in Unicode format to prevent data loss (compiling source file src\Primitives.cpp)
C:\Users\rtsen\Desktop\of_v0.11.2_vs2017_release\libs\openFrameworks\math\ofVec3f.h(1,1): warning C4819: The file contains a character that cannot be represented in the current code page (932). Save the file in Unicode format to prevent data loss (compiling source file src\main.cpp)
C:\Users\rtsen\Desktop\of_v0.11.2_vs2017_release\libs\openFrameworks\math\ofVec2f.h(1,1): warning C4819: The file contains a character that cannot be represented in the current code page (932). Save the file in Unicode format to prevent data loss (compiling source file src\main.cpp)
C:\Users\rtsen\Desktop\of_v0.11.2_vs2017_release\apps\myApps\Skele\src\ofApp.cpp(71,20): warning C4018: '<': signed/unsigned mismatch
C:\Users\rtsen\Desktop\of_v0.11.2_vs2017_release\apps\myApps\Skele\src\ofApp.cpp(265,20): warning C4018: '<': signed/unsigned mismatch
C:\Users\rtsen\Desktop\of_v0.11.2_vs2017_release\apps\myApps\Skele\src\ofApp.cpp(283,21): warning C4018: '<': signed/unsigned mismatch
  ofxBaseGui.cpp
  ofxButton.cpp
  ofxColorPicker.cpp
  ofxGuiGroup.cpp
C:\Users\rtsen\Desktop\of_v0.11.2_vs2017_release\libs\openFrameworks\utils\ofUtils.h(1,1): warning C4819: The file contains a character that cannot be represented in the current code page (932). Save the file in Unicode format to prevent data loss (compiling source file ..\..\..\addons\ofxGui\src\ofxButton.cpp)
C:\Users\rtsen\Desktop\of_v0.11.2_vs2017_release\libs\openFrameworks\math\ofVec3f.h(1,1): warning C4819: The file contains a character that cannot be represented in the current code page (932). Save the file in Unicode format to prevent data loss (compiling source file ..\..\..\addons\ofxGui\src\ofxButton.cpp)
C:\Users\rtsen\Desktop\of_v0.11.2_vs2017_release\libs\openFrameworks\math\ofVec2f.h(1,1): warning C4819: The file contains a character that cannot be represented in the current code page (932). Save the file in Unicode format to prevent data loss (compiling source file ..\..\..\addons\ofxGui\src\ofxButton.cpp)
C:\Users\rtsen\Desktop\of_v0.11.2_vs2017_release\libs\openFrameworks\utils\ofUtils.h(1,1): warning C4819: The file contains a character that cannot be represented in the current code page (932). Save the file in Unicode format to prevent data loss (compiling source file ..\..\..\addons\ofxGui\src\ofxBaseGui.cpp)
C:\Users\rtsen\Desktop\of_v0.11.2_vs2017_release\libs\openFrameworks\utils\ofUtils.h(1,1): warning C4819: The file contains a character that cannot be represented in the current code page (932). Save the file in Unicode format to prevent data loss (compiling source file ..\..\..\addons\ofxGui\src\ofxColorPicker.cpp)
C:\Users\rtsen\Desktop\of_v0.11.2_vs2017_release\libs\openFrameworks\math\ofVec3f.h(1,1): warning C4819: The file contains a character that cannot be represented in the current code page (932). Save the file in Unicode format to prevent data loss (compiling source file ..\..\..\addons\ofxGui\src\ofxBaseGui.cpp)
C:\Users\rtsen\Desktop\of_v0.11.2_vs2017_release\libs\openFrameworks\math\ofVec2f.h(1,1): warning C4819: The file contains a character that cannot be represented in the current code page (932). Save the file in Unicode format to prevent data loss (compiling source file ..\..\..\addons\ofxGui\src\ofxBaseGui.cpp)
  Info: Boost.Config is older than your compiler version - probably nothing bad will happen - but you may wish to look for an update Boost version.  Define BOOST_CONFIG_SUPPRESS_OUTDATED_MESSAGE to suppress this message.
C:\Users\rtsen\Desktop\of_v0.11.2_vs2017_release\libs\openFrameworks\utils\ofUtils.h(1,1): warning C4819: The file contains a character that cannot be represented in the current code page (932). Save the file in Unicode format to prevent data loss (compiling source file ..\..\..\addons\ofxGui\src\ofxGuiGroup.cpp)
C:\Users\rtsen\Desktop\of_v0.11.2_vs2017_release\libs\openFrameworks\math\ofVec3f.h(1,1): warning C4819: The file contains a character that cannot be represented in the current code page (932). Save the file in Unicode format to prevent data loss (compiling source file ..\..\..\addons\ofxGui\src\ofxColorPicker.cpp)
C:\Users\rtsen\Desktop\of_v0.11.2_vs2017_release\libs\openFrameworks\math\ofVec2f.h(1,1): warning C4819: The file contains a character that cannot be represented in the current code page (932). Save the file in Unicode format to prevent data loss (compiling source file ..\..\..\addons\ofxGui\src\ofxColorPicker.cpp)
  Info: Boost.Config is older than your compiler version - probably nothing bad will happen - but you may wish to look for an update Boost version.  Define BOOST_CONFIG_SUPPRESS_OUTDATED_MESSAGE to suppress this message.
  Info: Boost.Config is older than your compiler version - probably nothing bad will happen - but you may wish to look for an update Boost version.  Define BOOST_CONFIG_SUPPRESS_OUTDATED_MESSAGE to suppress this message.
C:\Users\rtsen\Desktop\of_v0.11.2_vs2017_release\libs\openFrameworks\math\ofVec3f.h(1,1): warning C4819: The file contains a character that cannot be represented in the current code page (932). Save the file in Unicode format to prevent data loss (compiling source file ..\..\..\addons\ofxGui\src\ofxGuiGroup.cpp)
C:\Users\rtsen\Desktop\of_v0.11.2_vs2017_release\libs\openFrameworks\math\ofVec2f.h(1,1): warning C4819: The file contains a character that cannot be represented in the current code page (932). Save the file in Unicode format to prevent data loss (compiling source file ..\..\..\addons\ofxGui\src\ofxGuiGroup.cpp)
  Info: Boost.Config is older than your compiler version - probably nothing bad will happen - but you may wish to look for an update Boost version.  Define BOOST_CONFIG_SUPPRESS_OUTDATED_MESSAGE to suppress this message.
  ofxInputField.cpp
  ofxLabel.cpp
C:\Users\rtsen\Desktop\of_v0.11.2_vs2017_release\libs\openFrameworks\utils\ofUtils.h(1,1): warning C4819: The file contains a character that cannot be represented in the current code page (932). Save the file in Unicode format to prevent data loss (compiling source file ..\..\..\addons\ofxGui\src\ofxInputField.cpp)
C:\Users\rtsen\Desktop\of_v0.11.2_vs2017_release\libs\openFrameworks\math\ofVec3f.h(1,1): warning C4819: The file contains a character that cannot be represented in the current code page (932). Save the file in Unicode format to prevent data loss (compiling source file ..\..\..\addons\ofxGui\src\ofxInputField.cpp)
C:\Users\rtsen\Desktop\of_v0.11.2_vs2017_release\libs\openFrameworks\math\ofVec2f.h(1,1): warning C4819: The file contains a character that cannot be represented in the current code page (932). Save the file in Unicode format to prevent data loss (compiling source file ..\..\..\addons\ofxGui\src\ofxInputField.cpp)
  Info: Boost.Config is older than your compiler version - probably nothing bad will happen - but you may wish to look for an update Boost version.  Define BOOST_CONFIG_SUPPRESS_OUTDATED_MESSAGE to suppress this message.
  ofxPanel.cpp
C:\Users\rtsen\Desktop\of_v0.11.2_vs2017_release\libs\openFrameworks\utils\ofUtils.h(1,1): warning C4819: The file contains a character that cannot be represented in the current code page (932). Save the file in Unicode format to prevent data loss (compiling source file ..\..\..\addons\ofxGui\src\ofxLabel.cpp)
C:\Users\rtsen\Desktop\of_v0.11.2_vs2017_release\libs\openFrameworks\math\ofVec3f.h(1,1): warning C4819: The file contains a character that cannot be represented in the current code page (932). Save the file in Unicode format to prevent data loss (compiling source file ..\..\..\addons\ofxGui\src\ofxLabel.cpp)
C:\Users\rtsen\Desktop\of_v0.11.2_vs2017_release\libs\openFrameworks\math\ofVec2f.h(1,1): warning C4819: The file contains a character that cannot be represented in the current code page (932). Save the file in Unicode format to prevent data loss (compiling source file ..\..\..\addons\ofxGui\src\ofxLabel.cpp)
  Info: Boost.Config is older than your compiler version - probably nothing bad will happen - but you may wish to look for an update Boost version.  Define BOOST_CONFIG_SUPPRESS_OUTDATED_MESSAGE to suppress this message.
C:\Users\rtsen\Desktop\of_v0.11.2_vs2017_release\libs\openFrameworks\utils\ofUtils.h(1,1): warning C4819: The file contains a character that cannot be represented in the current code page (932). Save the file in Unicode format to prevent data loss (compiling source file ..\..\..\addons\ofxGui\src\ofxPanel.cpp)
C:\Users\rtsen\Desktop\of_v0.11.2_vs2017_release\libs\openFrameworks\math\ofVec3f.h(1,1): warning C4819: The file contains a character that cannot be represented in the current code page (932). Save the file in Unicode format to prevent data loss (compiling source file ..\..\..\addons\ofxGui\src\ofxPanel.cpp)
C:\Users\rtsen\Desktop\of_v0.11.2_vs2017_release\libs\openFrameworks\math\ofVec2f.h(1,1): warning C4819: The file contains a character that cannot be represented in the current code page (932). Save the file in Unicode format to prevent data loss (compiling source file ..\..\..\addons\ofxGui\src\ofxPanel.cpp)
  Info: Boost.Config is older than your compiler version - probably nothing bad will happen - but you may wish to look for an update Boost version.  Define BOOST_CONFIG_SUPPRESS_OUTDATED_MESSAGE to suppress this message.
C:\Users\rtsen\Desktop\of_v0.11.2_vs2017_release\addons\ofxGui\src\ofxInputField.cpp(276,23): warning C4018: '<': signed/unsigned mismatch
C:\Users\rtsen\Desktop\of_v0.11.2_vs2017_release\addons\ofxGui\src\ofxInputField.cpp(265): message : while compiling class template member function 'void ofxInputField<float>::moveCursor(int)'
C:\Users\rtsen\Desktop\of_v0.11.2_vs2017_release\addons\ofxGui\src\ofxInputField.cpp(368): message : see reference to function template instantiation 'void ofxInputField<float>::moveCursor(int)' being compiled
C:\Users\rtsen\Desktop\of_v0.11.2_vs2017_release\addons\ofxGui\src\ofxInputField.cpp(805): message : see reference to class template instantiation 'ofxInputField<float>' being compiled
  ofxSlider.cpp
  ofxSliderGroup.cpp
C:\Users\rtsen\Desktop\of_v0.11.2_vs2017_release\libs\openFrameworks\utils\ofUtils.h(1,1): warning C4819: The file contains a character that cannot be represented in the current code page (932). Save the file in Unicode format to prevent data loss (compiling source file ..\..\..\addons\ofxGui\src\ofxSlider.cpp)
C:\Users\rtsen\Desktop\of_v0.11.2_vs2017_release\libs\openFrameworks\math\ofVec3f.h(1,1): warning C4819: The file contains a character that cannot be represented in the current code page (932). Save the file in Unicode format to prevent data loss (compiling source file ..\..\..\addons\ofxGui\src\ofxSlider.cpp)
C:\Users\rtsen\Desktop\of_v0.11.2_vs2017_release\libs\openFrameworks\math\ofVec2f.h(1,1): warning C4819: The file contains a character that cannot be represented in the current code page (932). Save the file in Unicode format to prevent data loss (compiling source file ..\..\..\addons\ofxGui\src\ofxSlider.cpp)
  Info: Boost.Config is older than your compiler version - probably nothing bad will happen - but you may wish to look for an update Boost version.  Define BOOST_CONFIG_SUPPRESS_OUTDATED_MESSAGE to suppress this message.
  ofxToggle.cpp
C:\Users\rtsen\Desktop\of_v0.11.2_vs2017_release\libs\openFrameworks\utils\ofUtils.h(1,1): warning C4819: The file contains a character that cannot be represented in the current code page (932). Save the file in Unicode format to prevent data loss (compiling source file ..\..\..\addons\ofxGui\src\ofxSliderGroup.cpp)
C:\Users\rtsen\Desktop\of_v0.11.2_vs2017_release\libs\openFrameworks\math\ofVec3f.h(1,1): warning C4819: The file contains a character that cannot be represented in the current code page (932). Save the file in Unicode format to prevent data loss (compiling source file ..\..\..\addons\ofxGui\src\ofxSliderGroup.cpp)
C:\Users\rtsen\Desktop\of_v0.11.2_vs2017_release\libs\openFrameworks\math\ofVec2f.h(1,1): warning C4819: The file contains a character that cannot be represented in the current code page (932). Save the file in Unicode format to prevent data loss (compiling source file ..\..\..\addons\ofxGui\src\ofxSliderGroup.cpp)
  Info: Boost.Config is older than your compiler version - probably nothing bad will happen - but you may wish to look for an update Boost version.  Define BOOST_CONFIG_SUPPRESS_OUTDATED_MESSAGE to suppress this message.
C:\Users\rtsen\Desktop\of_v0.11.2_vs2017_release\libs\openFrameworks\utils\ofUtils.h(1,1): warning C4819: The file contains a character that cannot be represented in the current code page (932). Save the file in Unicode format to prevent data loss (compiling source file ..\..\..\addons\ofxGui\src\ofxToggle.cpp)
C:\Users\rtsen\Desktop\of_v0.11.2_vs2017_release\libs\openFrameworks\math\ofVec3f.h(1,1): warning C4819: The file contains a character that cannot be represented in the current code page (932). Save the file in Unicode format to prevent data loss (compiling source file ..\..\..\addons\ofxGui\src\ofxToggle.cpp)
C:\Users\rtsen\Desktop\of_v0.11.2_vs2017_release\libs\openFrameworks\math\ofVec2f.h(1,1): warning C4819: The file contains a character that cannot be represented in the current code page (932). Save the file in Unicode format to prevent data loss (compiling source file ..\..\..\addons\ofxGui\src\ofxToggle.cpp)
  Info: Boost.Config is older than your compiler version - probably nothing bad will happen - but you may wish to look for an update Boost version.  Define BOOST_CONFIG_SUPPRESS_OUTDATED_MESSAGE to suppress this message.
     Creating library bin\Skele_debug.lib and object bin\Skele_debug.exp
  Skele.vcxproj -> C:\Users\rtsen\Desktop\of_v0.11.2_vs2017_release\apps\myApps\Skele\bin\Skele_debug.exe
  
  	                   2	C:\Users\rtsen\Desktop\of_v0.11.2_vs2017_release\libs\fmod\lib\vs\Win32\
  	    New File  		 1544704	C:\Users\rtsen\Desktop\of_v0.11.2_vs2017_release\libs\fmod\lib\vs\Win32\fmod.dll
  	    New File  		 1733120	C:\Users\rtsen\Desktop\of_v0.11.2_vs2017_release\libs\fmod\lib\vs\Win32\fmodL.dll
  
  	                   1	C:\Users\rtsen\Desktop\of_v0.11.2_vs2017_release\libs\FreeImage\lib\vs\Win32\
  	  *EXTRA File 		 1544704	C:\Users\rtsen\Desktop\of_v0.11.2_vs2017_release\apps\myApps\Skele\bin\fmod.dll
  	  *EXTRA File 		 1733120	C:\Users\rtsen\Desktop\of_v0.11.2_vs2017_release\apps\myApps\Skele\bin\fmodL.dll
  	    New File  		 6018560	C:\Users\rtsen\Desktop\of_v0.11.2_vs2017_release\libs\FreeImage\lib\vs\Win32\FreeImage.dll
